0 info it worked if it ends with ok
1 verbose cli [ '/Users/pdecrat/.meteor/packages/meteor-tool/.1.4.2_3.1o93y3f++os.osx.x86_64+web.browser+web.cordova/mt-os.osx.x86_64/dev_bundle/bin/node',
1 verbose cli   '/Users/pdecrat/.meteor/packages/meteor-tool/.1.4.2_3.1o93y3f++os.osx.x86_64+web.browser+web.cordova/mt-os.osx.x86_64/dev_bundle/bin/npm',
1 verbose cli   'install',
1 verbose cli   '--save',
1 verbose cli   'react-cloudinary-uploader' ]
2 info using npm@3.10.9
3 info using node@v4.6.2
4 silly loadCurrentTree Starting
5 silly install loadCurrentTree
6 silly install readLocalPackageData
7 silly fetchPackageMetaData react-cloudinary-uploader
8 silly fetchNamedPackageData react-cloudinary-uploader
9 silly mapToRegistry name react-cloudinary-uploader
10 silly mapToRegistry using default registry
11 silly mapToRegistry registry https://registry.npmjs.org/
12 silly mapToRegistry data Result {
12 silly mapToRegistry   raw: 'react-cloudinary-uploader',
12 silly mapToRegistry   scope: null,
12 silly mapToRegistry   escapedName: 'react-cloudinary-uploader',
12 silly mapToRegistry   name: 'react-cloudinary-uploader',
12 silly mapToRegistry   rawSpec: '',
12 silly mapToRegistry   spec: 'latest',
12 silly mapToRegistry   type: 'tag' }
13 silly mapToRegistry uri https://registry.npmjs.org/react-cloudinary-uploader
14 verbose request uri https://registry.npmjs.org/react-cloudinary-uploader
15 verbose request no auth needed
16 info attempt registry request try #1 at 23:58:39
17 verbose request id ed3fbabd4da6744c
18 http request GET https://registry.npmjs.org/react-cloudinary-uploader
19 http 404 https://registry.npmjs.org/react-cloudinary-uploader
20 verbose headers { 'content-type': 'application/json',
20 verbose headers   'cache-control': 'max-age=0',
20 verbose headers   'content-length': '2',
20 verbose headers   'accept-ranges': 'bytes',
20 verbose headers   date: 'Mon, 23 Jan 2017 22:58:40 GMT',
20 verbose headers   via: '1.1 varnish',
20 verbose headers   age: '0',
20 verbose headers   connection: 'keep-alive',
20 verbose headers   'x-served-by': 'cache-lhr6333-LHR',
20 verbose headers   'x-cache': 'MISS',
20 verbose headers   'x-cache-hits': '0',
20 verbose headers   'x-timer': 'S1485212319.937001,VS0,VE393',
20 verbose headers   vary: 'Accept-Encoding' }
21 silly get cb [ 404,
21 silly get   { 'content-type': 'application/json',
21 silly get     'cache-control': 'max-age=0',
21 silly get     'content-length': '2',
21 silly get     'accept-ranges': 'bytes',
21 silly get     date: 'Mon, 23 Jan 2017 22:58:40 GMT',
21 silly get     via: '1.1 varnish',
21 silly get     age: '0',
21 silly get     connection: 'keep-alive',
21 silly get     'x-served-by': 'cache-lhr6333-LHR',
21 silly get     'x-cache': 'MISS',
21 silly get     'x-cache-hits': '0',
21 silly get     'x-timer': 'S1485212319.937001,VS0,VE393',
21 silly get     vary: 'Accept-Encoding' } ]
22 silly fetchPackageMetaData Error: Registry returned 404 for GET on https://registry.npmjs.org/react-cloudinary-uploader
22 silly fetchPackageMetaData     at makeError (/Users/pdecrat/.meteor/packages/meteor-tool/.1.4.2_3.1o93y3f++os.osx.x86_64+web.browser+web.cordova/mt-os.osx.x86_64/dev_bundle/lib/node_modules/npm/node_modules/npm-registry-client/lib/request.js:302:12)
22 silly fetchPackageMetaData     at CachingRegistryClient.<anonymous> (/Users/pdecrat/.meteor/packages/meteor-tool/.1.4.2_3.1o93y3f++os.osx.x86_64+web.browser+web.cordova/mt-os.osx.x86_64/dev_bundle/lib/node_modules/npm/node_modules/npm-registry-client/lib/request.js:280:14)
22 silly fetchPackageMetaData     at Request._callback (/Users/pdecrat/.meteor/packages/meteor-tool/.1.4.2_3.1o93y3f++os.osx.x86_64+web.browser+web.cordova/mt-os.osx.x86_64/dev_bundle/lib/node_modules/npm/node_modules/npm-registry-client/lib/request.js:210:14)
22 silly fetchPackageMetaData     at Request.self.callback (/Users/pdecrat/.meteor/packages/meteor-tool/.1.4.2_3.1o93y3f++os.osx.x86_64+web.browser+web.cordova/mt-os.osx.x86_64/dev_bundle/lib/node_modules/npm/node_modules/request/request.js:187:22)
22 silly fetchPackageMetaData     at emitTwo (events.js:87:13)
22 silly fetchPackageMetaData     at Request.emit (events.js:172:7)
22 silly fetchPackageMetaData     at Request.<anonymous> (/Users/pdecrat/.meteor/packages/meteor-tool/.1.4.2_3.1o93y3f++os.osx.x86_64+web.browser+web.cordova/mt-os.osx.x86_64/dev_bundle/lib/node_modules/npm/node_modules/request/request.js:1048:10)
22 silly fetchPackageMetaData     at emitOne (events.js:77:13)
22 silly fetchPackageMetaData     at Request.emit (events.js:169:7)
22 silly fetchPackageMetaData     at IncomingMessage.<anonymous> (/Users/pdecrat/.meteor/packages/meteor-tool/.1.4.2_3.1o93y3f++os.osx.x86_64+web.browser+web.cordova/mt-os.osx.x86_64/dev_bundle/lib/node_modules/npm/node_modules/request/request.js:969:12)
22 silly fetchPackageMetaData  error for react-cloudinary-uploader { [Error: Registry returned 404 for GET on https://registry.npmjs.org/react-cloudinary-uploader]
22 silly fetchPackageMetaData   pkgid: 'react-cloudinary-uploader',
22 silly fetchPackageMetaData   statusCode: 404,
22 silly fetchPackageMetaData   code: 'E404' }
23 silly rollbackFailedOptional Starting
24 silly rollbackFailedOptional Finishing
25 silly runTopLevelLifecycles Finishing
26 silly install printInstalled
27 verbose stack Error: Registry returned 404 for GET on https://registry.npmjs.org/react-cloudinary-uploader
27 verbose stack     at makeError (/Users/pdecrat/.meteor/packages/meteor-tool/.1.4.2_3.1o93y3f++os.osx.x86_64+web.browser+web.cordova/mt-os.osx.x86_64/dev_bundle/lib/node_modules/npm/node_modules/npm-registry-client/lib/request.js:302:12)
27 verbose stack     at CachingRegistryClient.<anonymous> (/Users/pdecrat/.meteor/packages/meteor-tool/.1.4.2_3.1o93y3f++os.osx.x86_64+web.browser+web.cordova/mt-os.osx.x86_64/dev_bundle/lib/node_modules/npm/node_modules/npm-registry-client/lib/request.js:280:14)
27 verbose stack     at Request._callback (/Users/pdecrat/.meteor/packages/meteor-tool/.1.4.2_3.1o93y3f++os.osx.x86_64+web.browser+web.cordova/mt-os.osx.x86_64/dev_bundle/lib/node_modules/npm/node_modules/npm-registry-client/lib/request.js:210:14)
27 verbose stack     at Request.self.callback (/Users/pdecrat/.meteor/packages/meteor-tool/.1.4.2_3.1o93y3f++os.osx.x86_64+web.browser+web.cordova/mt-os.osx.x86_64/dev_bundle/lib/node_modules/npm/node_modules/request/request.js:187:22)
27 verbose stack     at emitTwo (events.js:87:13)
27 verbose stack     at Request.emit (events.js:172:7)
27 verbose stack     at Request.<anonymous> (/Users/pdecrat/.meteor/packages/meteor-tool/.1.4.2_3.1o93y3f++os.osx.x86_64+web.browser+web.cordova/mt-os.osx.x86_64/dev_bundle/lib/node_modules/npm/node_modules/request/request.js:1048:10)
27 verbose stack     at emitOne (events.js:77:13)
27 verbose stack     at Request.emit (events.js:169:7)
27 verbose stack     at IncomingMessage.<anonymous> (/Users/pdecrat/.meteor/packages/meteor-tool/.1.4.2_3.1o93y3f++os.osx.x86_64+web.browser+web.cordova/mt-os.osx.x86_64/dev_bundle/lib/node_modules/npm/node_modules/request/request.js:969:12)
28 verbose statusCode 404
29 verbose pkgid react-cloudinary-uploader
30 verbose cwd /Users/pdecrat/CollectivZ/CollectivZ
31 error Darwin 15.6.0
32 error argv "/Users/pdecrat/.meteor/packages/meteor-tool/.1.4.2_3.1o93y3f++os.osx.x86_64+web.browser+web.cordova/mt-os.osx.x86_64/dev_bundle/bin/node" "/Users/pdecrat/.meteor/packages/meteor-tool/.1.4.2_3.1o93y3f++os.osx.x86_64+web.browser+web.cordova/mt-os.osx.x86_64/dev_bundle/bin/npm" "install" "--save" "react-cloudinary-uploader"
33 error node v4.6.2
34 error npm  v3.10.9
35 error code E404
36 error 404 Registry returned 404 for GET on https://registry.npmjs.org/react-cloudinary-uploader
37 error 404
38 error 404 'react-cloudinary-uploader' is not in the npm registry.
39 error 404 You should bug the author to publish it (or use the name yourself!)
40 error 404 Note that you can also install from a
41 error 404 tarball, folder, http url, or git url.
42 verbose exit [ 1, true ]
